[2024-11-05 19:37:23,279][main.utils][INFO] - Disabling python warnings! <config.ignore_warnings=True>
[2024-11-05 19:37:23,289][__main__][INFO] - Instantiating datamodule <main.module_base.Datamodule>.
[2024-11-05 19:40:26,298][main.utils][INFO] - Disabling python warnings! <config.ignore_warnings=True>
[2024-11-05 19:40:26,306][__main__][INFO] - Instantiating datamodule <main.module_base.Datamodule>.
[2024-11-05 19:41:46,192][main.utils][INFO] - Disabling python warnings! <config.ignore_warnings=True>
[2024-11-05 19:41:46,200][__main__][INFO] - Instantiating datamodule <main.module_base.Datamodule>.
[2024-11-05 19:43:42,986][main.utils][INFO] - Disabling python warnings! <config.ignore_warnings=True>
[2024-11-05 19:43:42,994][__main__][INFO] - Instantiating datamodule <main.module_base.Datamodule>.
[2024-11-05 20:57:07,567][main.utils][INFO] - Disabling python warnings! <config.ignore_warnings=True>
[2024-11-05 20:57:07,576][__main__][INFO] - Instantiating datamodule <main.module_base.Datamodule>.
[2024-11-05 20:58:23,123][main.utils][INFO] - Disabling python warnings! <config.ignore_warnings=True>
[2024-11-05 20:58:23,130][__main__][INFO] - Instantiating datamodule <main.module_base.Datamodule>.
[2024-11-05 20:58:38,066][__main__][INFO] - Instantiating model <main.module_base.Model>.
[2024-11-05 20:58:39,087][__main__][INFO] - Instantiating callback <pytorch_lightning.callbacks.RichProgressBar>.
[2024-11-05 20:58:39,090][__main__][INFO] - Instantiating callback <pytorch_lightning.callbacks.ModelCheckpoint>.
[2024-11-05 20:58:39,104][__main__][INFO] - Instantiating callback <pytorch_lightning.callbacks.RichModelSummary>.
[2024-11-05 20:58:39,108][__main__][INFO] - Instantiating callback <main.module_base.SampleLogger>.
[2024-11-05 20:58:39,118][__main__][INFO] - Instantiating logger <pytorch_lightning.loggers.wandb.WandbLogger>.
[2024-11-05 21:03:23,767][main.utils][INFO] - Disabling python warnings! <config.ignore_warnings=True>
[2024-11-05 21:03:23,777][__main__][INFO] - Instantiating datamodule <main.module_base.Datamodule>.
[2024-11-05 21:03:26,681][__main__][INFO] - Instantiating model <main.module_base.Model>.
[2024-11-05 21:03:27,603][__main__][INFO] - Instantiating callback <pytorch_lightning.callbacks.RichProgressBar>.
[2024-11-05 21:03:27,606][__main__][INFO] - Instantiating callback <pytorch_lightning.callbacks.ModelCheckpoint>.
[2024-11-05 21:03:27,617][__main__][INFO] - Instantiating callback <pytorch_lightning.callbacks.RichModelSummary>.
[2024-11-05 21:03:27,621][__main__][INFO] - Instantiating callback <main.module_base.SampleLogger>.
[2024-11-05 21:03:27,632][__main__][INFO] - Instantiating logger <pytorch_lightning.loggers.wandb.WandbLogger>.
[2024-11-05 21:05:27,043][main.utils][INFO] - Disabling python warnings! <config.ignore_warnings=True>
[2024-11-05 21:05:27,052][__main__][INFO] - Instantiating datamodule <main.module_base.Datamodule>.
[2024-11-05 21:05:29,434][__main__][INFO] - Instantiating model <main.module_base.Model>.
[2024-11-05 21:05:30,398][__main__][INFO] - Instantiating callback <pytorch_lightning.callbacks.RichProgressBar>.
[2024-11-05 21:05:30,401][__main__][INFO] - Instantiating callback <pytorch_lightning.callbacks.ModelCheckpoint>.
[2024-11-05 21:05:30,410][__main__][INFO] - Instantiating callback <pytorch_lightning.callbacks.RichModelSummary>.
[2024-11-05 21:05:30,414][__main__][INFO] - Instantiating callback <main.module_base.SampleLogger>.
[2024-11-05 21:05:30,424][__main__][INFO] - Instantiating logger <pytorch_lightning.loggers.wandb.WandbLogger>.
[2024-11-05 21:13:22,348][main.utils][INFO] - Disabling python warnings! <config.ignore_warnings=True>
[2024-11-05 21:13:22,359][__main__][INFO] - Instantiating datamodule <main.module_base.Datamodule>.
[2024-11-05 21:13:27,526][__main__][INFO] - Instantiating model <main.module_base.Model>.
[2024-11-05 21:13:28,816][__main__][INFO] - Instantiating callback <pytorch_lightning.callbacks.RichProgressBar>.
[2024-11-05 21:13:28,820][__main__][INFO] - Instantiating callback <pytorch_lightning.callbacks.ModelCheckpoint>.
[2024-11-05 21:13:28,841][__main__][INFO] - Instantiating callback <pytorch_lightning.callbacks.RichModelSummary>.
[2024-11-05 21:13:28,845][__main__][INFO] - Instantiating callback <main.module_base.SampleLogger>.
[2024-11-05 21:13:28,859][__main__][INFO] - Instantiating logger <pytorch_lightning.loggers.wandb.WandbLogger>.
[2024-11-05 21:16:49,135][main.utils][INFO] - Disabling python warnings! <config.ignore_warnings=True>
[2024-11-05 21:16:49,146][__main__][INFO] - Instantiating datamodule <main.module_base.Datamodule>.
[2024-11-05 21:16:53,101][__main__][INFO] - Instantiating model <main.module_base.Model>.
[2024-11-05 21:16:55,322][__main__][INFO] - Instantiating callback <pytorch_lightning.callbacks.RichProgressBar>.
[2024-11-05 21:16:55,326][__main__][INFO] - Instantiating callback <pytorch_lightning.callbacks.ModelCheckpoint>.
[2024-11-05 21:16:55,341][__main__][INFO] - Instantiating callback <pytorch_lightning.callbacks.RichModelSummary>.
[2024-11-05 21:16:55,345][__main__][INFO] - Instantiating callback <main.module_base.SampleLogger>.
[2024-11-05 21:16:55,359][__main__][INFO] - Instantiating logger <pytorch_lightning.loggers.wandb.WandbLogger>.
[2024-11-05 21:17:00,488][__main__][INFO] - Instantiating trainer <pytorch_lightning.Trainer>.
[2024-11-05 21:19:50,721][main.utils][INFO] - Disabling python warnings! <config.ignore_warnings=True>
[2024-11-05 21:19:50,728][__main__][INFO] - Instantiating datamodule <main.module_base.Datamodule>.
[2024-11-05 21:19:53,418][__main__][INFO] - Instantiating model <main.module_base.Model>.
[2024-11-05 21:19:54,516][__main__][INFO] - Instantiating callback <pytorch_lightning.callbacks.RichProgressBar>.
[2024-11-05 21:19:54,519][__main__][INFO] - Instantiating callback <pytorch_lightning.callbacks.ModelCheckpoint>.
[2024-11-05 21:19:54,530][__main__][INFO] - Instantiating callback <pytorch_lightning.callbacks.RichModelSummary>.
[2024-11-05 21:19:54,534][__main__][INFO] - Instantiating callback <main.module_base.SampleLogger>.
[2024-11-05 21:19:54,545][__main__][INFO] - Instantiating logger <pytorch_lightning.loggers.wandb.WandbLogger>.
[2024-11-05 21:19:57,998][__main__][INFO] - Instantiating trainer <pytorch_lightning.Trainer>.
[2024-11-05 21:20:49,231][main.utils][INFO] - Disabling python warnings! <config.ignore_warnings=True>
[2024-11-05 21:20:49,240][__main__][INFO] - Instantiating datamodule <main.module_base.Datamodule>.
[2024-11-05 21:20:51,636][__main__][INFO] - Instantiating model <main.module_base.Model>.
[2024-11-05 21:20:52,863][__main__][INFO] - Instantiating callback <pytorch_lightning.callbacks.RichProgressBar>.
[2024-11-05 21:20:52,867][__main__][INFO] - Instantiating callback <pytorch_lightning.callbacks.ModelCheckpoint>.
[2024-11-05 21:20:52,881][__main__][INFO] - Instantiating callback <pytorch_lightning.callbacks.RichModelSummary>.
[2024-11-05 21:20:52,884][__main__][INFO] - Instantiating callback <main.module_base.SampleLogger>.
[2024-11-05 21:20:52,897][__main__][INFO] - Instantiating logger <pytorch_lightning.loggers.wandb.WandbLogger>.
[2024-11-05 21:20:56,651][__main__][INFO] - Instantiating trainer <pytorch_lightning.Trainer>.
[2024-11-05 21:20:56,701][__main__][INFO] - Logging hyperparameters!
[2024-11-05 21:20:56,743][__main__][INFO] - Starting training.
[2024-11-05 21:36:15,932][__main__][INFO] - Finalizing!
